<?xml version="1.0" encoding="UTF-8"?>
<!-- Generated by org.testng.reporters.JUnitReportReporter -->
<testsuite skipped="0" hostname="LAPTOP-J365QQV5" name="com.actitime.testscripts.LoginTest" tests="1" failures="0" timestamp="2022-05-16T10:38:25 IST" time="18.988" errors="0">
  <testcase name="loginTest" time="18.988" classname="com.actitime.testscripts.LoginTest"/>
  <system-out/>
</testsuite> <!-- com.actitime.testscripts.LoginTest -->
