<?xml version="1.0" encoding="UTF-8"?>
<!-- Generated by org.testng.reporters.JUnitReportReporter -->
<testsuite skipped="0" hostname="LAPTOP-J365QQV5" name="com.actitime.testscripts.CreateCustomerPageTest1" tests="2" failures="0" timestamp="2022-05-16T10:38:25 IST" time="61.499" errors="0">
  <testcase name="createnewccustomerwithname" time="28.925" classname="com.actitime.testscripts.CreateCustomerPageTest1"/>
  <system-out/>
  <testcase name="createnewCustomerWithNameAndDescription" time="32.574" classname="com.actitime.testscripts.CreateCustomerPageTest1"/>
  <system-out/>
</testsuite> <!-- com.actitime.testscripts.CreateCustomerPageTest1 -->
