<?xml version="1.0" encoding="UTF-8"?>
<!-- Generated by org.testng.reporters.JUnitReportReporter -->
<testsuite name="com.actitime.configuration.CommonSetup" tests="1" time="0.012" ignored="0" failures="0" timestamp="22 Apr 2022 14:31:27 GMT" skipped="0" hostname="LAPTOP-J365QQV5" errors="0">
  <testcase name="f" time="0.012" classname="com.actitime.configuration.CommonSetup"/>
</testsuite> <!-- com.actitime.configuration.CommonSetup -->
