<?xml version="1.0" encoding="UTF-8"?>
<!-- Generated by org.testng.reporters.JUnitReportReporter -->
<testsuite skipped="0" hostname="LAPTOP-J365QQV5" name="com.actitime.testscripts.VerifyHomeTitleTest" tests="1" failures="0" timestamp="2022-05-16T10:38:25 IST" time="35.054" errors="0">
  <testcase name="verifyTitle" time="35.054" classname="com.actitime.testscripts.VerifyHomeTitleTest"/>
  <system-out/>
</testsuite> <!-- com.actitime.testscripts.VerifyHomeTitleTest -->
