<?xml version="1.0" encoding="UTF-8"?>
<!-- Generated by org.testng.reporters.JUnitReportReporter -->
<testsuite skipped="0" hostname="LAPTOP-J365QQV5" name="com.actitime.testscripts.VerifyHomeTitleTest" tests="1" failures="0" timestamp="2022-06-02T11:11:40 IST" time="28.837" errors="0">
  <testcase name="verifyTitle" time="28.837" classname="com.actitime.testscripts.VerifyHomeTitleTest"/>
  <system-out/>
</testsuite> <!-- com.actitime.testscripts.VerifyHomeTitleTest -->
