<?xml version="1.0" encoding="UTF-8"?>
<!-- Generated by org.testng.reporters.JUnitReportReporter -->
<testsuite skipped="0" hostname="LAPTOP-J365QQV5" name="com.actitime.testscripts.CreateCustomerPageTest1" tests="2" failures="0" timestamp="2022-06-02T11:11:40 IST" time="60.821" errors="0">
  <testcase name="createnewccustomerwithname" time="32.728" classname="com.actitime.testscripts.CreateCustomerPageTest1"/>
  <system-out/>
  <testcase name="createnewCustomerWithNameAndDescription" time="28.093" classname="com.actitime.testscripts.CreateCustomerPageTest1"/>
  <system-out/>
</testsuite> <!-- com.actitime.testscripts.CreateCustomerPageTest1 -->
