<?xml version="1.0" encoding="UTF-8"?>
<!-- Generated by org.testng.reporters.JUnitReportReporter -->
<testsuite skipped="0" hostname="LAPTOP-J365QQV5" name="com.actitime.testscripts.VerifyHomeTitleTest" tests="1" failures="0" timestamp="2022-05-17T11:29:08 IST" time="27.570" errors="0">
  <testcase name="verifyTitle" time="27.570" classname="com.actitime.testscripts.VerifyHomeTitleTest"/>
  <system-out/>
</testsuite> <!-- com.actitime.testscripts.VerifyHomeTitleTest -->
