<?xml version="1.0" encoding="UTF-8"?>
<!-- Generated by org.testng.reporters.JUnitReportReporter -->
<testsuite skipped="0" hostname="LAPTOP-J365QQV5" name="com.actitime.testscripts.CreateCustomerPageTest1" tests="2" failures="0" timestamp="2022-05-16T10:43:52 IST" time="57.843" errors="0">
  <testcase name="createnewccustomerwithname" time="27.126" classname="com.actitime.testscripts.CreateCustomerPageTest1"/>
  <system-out/>
  <testcase name="createnewCustomerWithNameAndDescription" time="30.717" classname="com.actitime.testscripts.CreateCustomerPageTest1"/>
  <system-out/>
</testsuite> <!-- com.actitime.testscripts.CreateCustomerPageTest1 -->
