<?xml version="1.0" encoding="UTF-8"?>
<!-- Generated by org.testng.reporters.JUnitReportReporter -->
<testsuite skipped="0" hostname="LAPTOP-J365QQV5" name="com.actitime.testscripts.CreateCustomerPageTest1" tests="2" failures="0" timestamp="2022-05-17T11:59:56 IST" time="63.205" errors="0">
  <testcase name="createnewccustomerwithname" time="30.212" classname="com.actitime.testscripts.CreateCustomerPageTest1"/>
  <system-out/>
  <testcase name="createnewCustomerWithNameAndDescription" time="32.993" classname="com.actitime.testscripts.CreateCustomerPageTest1"/>
  <system-out/>
</testsuite> <!-- com.actitime.testscripts.CreateCustomerPageTest1 -->
